This file contains any messages produced by compilers while
running configure, to aid debugging if configure makes a mistake.

It was created by configure, which was
generated by GNU Autoconf 2.68.  Invocation command line was

  $ ./configure 

## --------- ##
## Platform. ##
## --------- ##

hostname = ott.local
uname -m = x86_64
uname -r = 12.5.0
uname -s = Darwin
uname -v = Darwin Kernel Version 12.5.0: Sun Sep 29 13:33:47 PDT 2013; root:xnu-2050.48.12~1/RELEASE_X86_64

/usr/bin/uname -p = i386
/bin/uname -X     = unknown

/bin/arch              = unknown
/usr/bin/arch -k       = unknown
/usr/convex/getsysinfo = unknown
/usr/bin/hostinfo      = Mach kernel version:
	 Darwin Kernel Version 12.5.0: Sun Sep 29 13:33:47 PDT 2013; root:xnu-2050.48.12~1/RELEASE_X86_64
Kernel configured for up to 8 processors.
4 processors are physically available.
8 processors are logically available.
Processor type: i486 (Intel 80486)
Processors active: 0 1 2 3 4 5 6 7
Primary memory available: 16.00 gigabytes
Default processor set: 218 tasks, 1351 threads, 8 processors
Load average: 2.81, Mach factor: 5.18
/bin/machine           = unknown
/usr/bin/oslevel       = unknown
/bin/universe          = unknown

PATH: /Library/Frameworks/Python.framework/Versions/3.4/bin
PATH: /usr/bin
PATH: /bin
PATH: /usr/sbin
PATH: /sbin
PATH: /usr/local/bin
PATH: /opt/X11/bin
PATH: /Applications/Server.app/Contents/ServerRoot/usr/bin
PATH: /Applications/Server.app/Contents/ServerRoot/usr/sbin
PATH: /usr/local/MacGPG2/bin
PATH: /usr/texbin
PATH: /Users/takaho/share/bowtie/bin
PATH: /Users/takaho/share/dmd2/osx/bin
PATH: /usr/local/share/go/bin
PATH: /usr/local/mysql-5.5.29-osx10.6-x86_64/bin/


## ----------- ##
## Core tests. ##
## ----------- ##

configure:2265: checking for a BSD-compatible install
configure:2333: result: /usr/bin/install -c
configure:2344: checking whether build environment is sane
configure:2394: result: yes
configure:2535: checking for a thread-safe mkdir -p
configure:2574: result: ./install-sh -c -d
configure:2587: checking for gawk
configure:2617: result: no
configure:2587: checking for mawk
configure:2617: result: no
configure:2587: checking for nawk
configure:2617: result: no
configure:2587: checking for awk
configure:2603: found /usr/bin/awk
configure:2614: result: awk
configure:2625: checking whether make sets $(MAKE)
configure:2647: result: yes
configure:2775: checking for gcc
configure:2791: found /usr/bin/gcc
configure:2802: result: gcc
configure:3031: checking for C compiler version
configure:3040: gcc --version >&5
i686-apple-darwin11-llvm-gcc-4.2 (GCC) 4.2.1 (Based on Apple Inc. build 5658) (LLVM build 2336.11.00)
Copyright (C) 2007 Free Software Foundation, Inc.
This is free software; see the source for copying conditions.  There is NO
warranty; not even for MERCHANTABILITY or FITNESS FOR A PARTICULAR PURPOSE.

configure:3051: $? = 0
configure:3040: gcc -v >&5
Using built-in specs.
Target: i686-apple-darwin11
Configured with: /private/var/tmp/llvmgcc42/llvmgcc42-2336.11~67/src/configure --disable-checking --enable-werror --prefix=/Applications/Xcode.app/Contents/Developer/usr/llvm-gcc-4.2 --mandir=/share/man --enable-languages=c,objc,c++,obj-c++ --program-prefix=llvm- --program-transform-name=/^[cg][^.-]*$/s/$/-4.2/ --with-slibdir=/usr/lib --build=i686-apple-darwin11 --enable-llvm=/private/var/tmp/llvmgcc42/llvmgcc42-2336.11~67/dst-llvmCore/Developer/usr/local --program-prefix=i686-apple-darwin11- --host=x86_64-apple-darwin11 --target=i686-apple-darwin11 --with-gxx-include-dir=/usr/include/c++/4.2.1
Thread model: posix
gcc version 4.2.1 (Based on Apple Inc. build 5658) (LLVM build 2336.11.00)
configure:3051: $? = 0
configure:3040: gcc -V >&5
llvm-gcc-4.2: argument to `-V' is missing
configure:3051: $? = 1
configure:3040: gcc -qversion >&5
i686-apple-darwin11-llvm-gcc-4.2: no input files
configure:3051: $? = 1
configure:3071: checking whether the C compiler works
configure:3093: gcc    conftest.c  >&5
configure:3097: $? = 0
configure:3145: result: yes
configure:3148: checking for C compiler default output file name
configure:3150: result: a.out
configure:3156: checking for suffix of executables
configure:3163: gcc -o conftest    conftest.c  >&5
configure:3167: $? = 0
configure:3189: result: 
configure:3211: checking whether we are cross compiling
configure:3219: gcc -o conftest    conftest.c  >&5
configure:3223: $? = 0
configure:3230: ./conftest
configure:3234: $? = 0
configure:3249: result: no
configure:3254: checking for suffix of object files
configure:3276: gcc -c   conftest.c >&5
configure:3280: $? = 0
configure:3301: result: o
configure:3305: checking whether we are using the GNU C compiler
configure:3324: gcc -c   conftest.c >&5
configure:3324: $? = 0
configure:3333: result: yes
configure:3342: checking whether gcc accepts -g
configure:3362: gcc -c -g  conftest.c >&5
configure:3362: $? = 0
configure:3403: result: yes
configure:3420: checking for gcc option to accept ISO C89
configure:3484: gcc  -c -g -O2  conftest.c >&5
configure:3484: $? = 0
configure:3497: result: none needed
configure:3528: checking for style of include used by make
configure:3556: result: GNU
configure:3581: checking dependency style of gcc
configure:3691: result: gcc3
configure:3712: checking how to run the C preprocessor
configure:3743: gcc -E  conftest.c
configure:3743: $? = 0
configure:3757: gcc -E  conftest.c
conftest.c:11:28: error: ac_nonexistent.h: No such file or directory
configure:3757: $? = 1
configure: failed program was:
| /* confdefs.h */
| #define PACKAGE_NAME ""
| #define PACKAGE_TARNAME ""
| #define PACKAGE_VERSION ""
| #define PACKAGE_STRING ""
| #define PACKAGE_BUGREPORT ""
| #define PACKAGE_URL ""
| #define PACKAGE "snpexp"
| #define VERSION "0.2.0"
| /* end confdefs.h.  */
| #include <ac_nonexistent.h>
configure:3782: result: gcc -E
configure:3802: gcc -E  conftest.c
configure:3802: $? = 0
configure:3816: gcc -E  conftest.c
conftest.c:11:28: error: ac_nonexistent.h: No such file or directory
configure:3816: $? = 1
configure: failed program was:
| /* confdefs.h */
| #define PACKAGE_NAME ""
| #define PACKAGE_TARNAME ""
| #define PACKAGE_VERSION ""
| #define PACKAGE_STRING ""
| #define PACKAGE_BUGREPORT ""
| #define PACKAGE_URL ""
| #define PACKAGE "snpexp"
| #define VERSION "0.2.0"
| /* end confdefs.h.  */
| #include <ac_nonexistent.h>
configure:3845: checking for grep that handles long lines and -e
configure:3903: result: /usr/bin/grep
configure:3908: checking for egrep
configure:3970: result: /usr/bin/grep -E
configure:3975: checking for ANSI C header files
configure:3995: gcc -c -g -O2  conftest.c >&5
configure:3995: $? = 0
configure:4068: gcc -o conftest -g -O2   conftest.c  >&5
configure:4068: $? = 0
configure:4068: ./conftest
configure:4068: $? = 0
configure:4079: result: yes
configure:4092: checking for sys/types.h
configure:4092: gcc -c -g -O2  conftest.c >&5
configure:4092: $? = 0
configure:4092: result: yes
configure:4092: checking for sys/stat.h
configure:4092: gcc -c -g -O2  conftest.c >&5
configure:4092: $? = 0
configure:4092: result: yes
configure:4092: checking for stdlib.h
configure:4092: gcc -c -g -O2  conftest.c >&5
configure:4092: $? = 0
configure:4092: result: yes
configure:4092: checking for string.h
configure:4092: gcc -c -g -O2  conftest.c >&5
configure:4092: $? = 0
configure:4092: result: yes
configure:4092: checking for memory.h
configure:4092: gcc -c -g -O2  conftest.c >&5
configure:4092: $? = 0
configure:4092: result: yes
configure:4092: checking for strings.h
configure:4092: gcc -c -g -O2  conftest.c >&5
configure:4092: $? = 0
configure:4092: result: yes
configure:4092: checking for inttypes.h
configure:4092: gcc -c -g -O2  conftest.c >&5
configure:4092: $? = 0
configure:4092: result: yes
configure:4092: checking for stdint.h
configure:4092: gcc -c -g -O2  conftest.c >&5
configure:4092: $? = 0
configure:4092: result: yes
configure:4092: checking for unistd.h
configure:4092: gcc -c -g -O2  conftest.c >&5
configure:4092: $? = 0
configure:4092: result: yes
configure:4107: checking zlib.h usability
configure:4107: gcc -c -g -O2  conftest.c >&5
configure:4107: $? = 0
configure:4107: result: yes
configure:4107: checking zlib.h presence
configure:4107: gcc -E  conftest.c
configure:4107: $? = 0
configure:4107: result: yes
configure:4107: checking for zlib.h
configure:4107: result: yes
configure:4107: checking bam.h usability
configure:4107: gcc -c -g -O2  conftest.c >&5
configure:4107: $? = 0
configure:4107: result: yes
configure:4107: checking bam.h presence
configure:4107: gcc -E  conftest.c
configure:4107: $? = 0
configure:4107: result: yes
configure:4107: checking for bam.h
configure:4107: result: yes
configure:4175: checking for g++
configure:4191: found /usr/bin/g++
configure:4202: result: g++
configure:4229: checking for C++ compiler version
configure:4238: g++ --version >&5
i686-apple-darwin11-llvm-g++-4.2 (GCC) 4.2.1 (Based on Apple Inc. build 5658) (LLVM build 2336.11.00)
Copyright (C) 2007 Free Software Foundation, Inc.
This is free software; see the source for copying conditions.  There is NO
warranty; not even for MERCHANTABILITY or FITNESS FOR A PARTICULAR PURPOSE.

configure:4249: $? = 0
configure:4238: g++ -v >&5
Using built-in specs.
Target: i686-apple-darwin11
Configured with: /private/var/tmp/llvmgcc42/llvmgcc42-2336.11~67/src/configure --disable-checking --enable-werror --prefix=/Applications/Xcode.app/Contents/Developer/usr/llvm-gcc-4.2 --mandir=/share/man --enable-languages=c,objc,c++,obj-c++ --program-prefix=llvm- --program-transform-name=/^[cg][^.-]*$/s/$/-4.2/ --with-slibdir=/usr/lib --build=i686-apple-darwin11 --enable-llvm=/private/var/tmp/llvmgcc42/llvmgcc42-2336.11~67/dst-llvmCore/Developer/usr/local --program-prefix=i686-apple-darwin11- --host=x86_64-apple-darwin11 --target=i686-apple-darwin11 --with-gxx-include-dir=/usr/include/c++/4.2.1
Thread model: posix
gcc version 4.2.1 (Based on Apple Inc. build 5658) (LLVM build 2336.11.00)
configure:4249: $? = 0
configure:4238: g++ -V >&5
llvm-g++-4.2: argument to `-V' is missing
configure:4249: $? = 1
configure:4238: g++ -qversion >&5
i686-apple-darwin11-llvm-g++-4.2: no input files
configure:4249: $? = 1
configure:4253: checking whether we are using the GNU C++ compiler
configure:4272: g++ -c   conftest.cpp >&5
configure:4272: $? = 0
configure:4281: result: yes
configure:4290: checking whether g++ accepts -g
configure:4310: g++ -c -g  conftest.cpp >&5
configure:4310: $? = 0
configure:4351: result: yes
configure:4376: checking dependency style of g++
configure:4486: result: gcc3
configure:4505: checking size of void*
configure:4510: gcc -o conftest -g -O2   conftest.c  >&5
configure:4510: $? = 0
configure:4510: ./conftest
configure:4510: $? = 0
configure:4524: result: 8
configure:4538: checking size of int
configure:4543: gcc -o conftest -g -O2   conftest.c  >&5
configure:4543: $? = 0
configure:4543: ./conftest
configure:4543: $? = 0
configure:4557: result: 4
configure:4744: creating ./config.status

## ---------------------- ##
## Running config.status. ##
## ---------------------- ##

This file was extended by config.status, which was
generated by GNU Autoconf 2.68.  Invocation command line was

  CONFIG_FILES    = 
  CONFIG_HEADERS  = 
  CONFIG_LINKS    = 
  CONFIG_COMMANDS = 
  $ ./config.status 

on ott.local

config.status:789: creating Makefile
config.status:961: executing depfiles commands

## ---------------- ##
## Cache variables. ##
## ---------------- ##

ac_cv_c_compiler_gnu=yes
ac_cv_cxx_compiler_gnu=yes
ac_cv_env_CCC_set=
ac_cv_env_CCC_value=
ac_cv_env_CC_set=
ac_cv_env_CC_value=
ac_cv_env_CFLAGS_set=
ac_cv_env_CFLAGS_value=
ac_cv_env_CPPFLAGS_set=
ac_cv_env_CPPFLAGS_value=
ac_cv_env_CPP_set=
ac_cv_env_CPP_value=
ac_cv_env_CXXFLAGS_set=
ac_cv_env_CXXFLAGS_value=
ac_cv_env_CXX_set=
ac_cv_env_CXX_value=
ac_cv_env_LDFLAGS_set=
ac_cv_env_LDFLAGS_value=
ac_cv_env_LIBS_set=
ac_cv_env_LIBS_value=
ac_cv_env_build_alias_set=
ac_cv_env_build_alias_value=
ac_cv_env_host_alias_set=
ac_cv_env_host_alias_value=
ac_cv_env_target_alias_set=
ac_cv_env_target_alias_value=
ac_cv_header_bam_h=yes
ac_cv_header_inttypes_h=yes
ac_cv_header_memory_h=yes
ac_cv_header_stdc=yes
ac_cv_header_stdint_h=yes
ac_cv_header_stdlib_h=yes
ac_cv_header_string_h=yes
ac_cv_header_strings_h=yes
ac_cv_header_sys_stat_h=yes
ac_cv_header_sys_types_h=yes
ac_cv_header_unistd_h=yes
ac_cv_header_zlib_h=yes
ac_cv_objext=o
ac_cv_path_EGREP='/usr/bin/grep -E'
ac_cv_path_GREP=/usr/bin/grep
ac_cv_path_install='/usr/bin/install -c'
ac_cv_prog_AWK=awk
ac_cv_prog_CPP='gcc -E'
ac_cv_prog_ac_ct_CC=gcc
ac_cv_prog_ac_ct_CXX=g++
ac_cv_prog_cc_c89=
ac_cv_prog_cc_g=yes
ac_cv_prog_cxx_g=yes
ac_cv_prog_make_make_set=yes
ac_cv_sizeof_int=4
ac_cv_sizeof_voidp=8
am_cv_CC_dependencies_compiler_type=gcc3
am_cv_CXX_dependencies_compiler_type=gcc3

## ----------------- ##
## Output variables. ##
## ----------------- ##

ACLOCAL='${SHELL} /Users/takaho/Projects/C++/SnpExp/missing --run aclocal-1.11'
AMDEPBACKSLASH='\'
AMDEP_FALSE='#'
AMDEP_TRUE=''
AMTAR='${SHELL} /Users/takaho/Projects/C++/SnpExp/missing --run tar'
AUTOCONF='${SHELL} /Users/takaho/Projects/C++/SnpExp/missing --run autoconf'
AUTOHEADER='${SHELL} /Users/takaho/Projects/C++/SnpExp/missing --run autoheader'
AUTOMAKE='${SHELL} /Users/takaho/Projects/C++/SnpExp/missing --run automake-1.11'
AWK='awk'
CC='gcc'
CCDEPMODE='depmode=gcc3'
CFLAGS='-g -O2'
CPP='gcc -E'
CPPFLAGS=''
CXX='g++'
CXXDEPMODE='depmode=gcc3'
CXXFLAGS='-g -O2'
CYGPATH_W='echo'
DEFS='-DPACKAGE_NAME=\"\" -DPACKAGE_TARNAME=\"\" -DPACKAGE_VERSION=\"\" -DPACKAGE_STRING=\"\" -DPACKAGE_BUGREPORT=\"\" -DPACKAGE_URL=\"\" -DPACKAGE=\"snpexp\" -DVERSION=\"0.2.0\" -DSTDC_HEADERS=1 -DHAVE_SYS_TYPES_H=1 -DHAVE_SYS_STAT_H=1 -DHAVE_STDLIB_H=1 -DHAVE_STRING_H=1 -DHAVE_MEMORY_H=1 -DHAVE_STRINGS_H=1 -DHAVE_INTTYPES_H=1 -DHAVE_STDINT_H=1 -DHAVE_UNISTD_H=1 -DHAVE_ZLIB_H=1 -DHAVE_BAM_H=1 -DSIZEOF_VOIDP=8 -DSIZEOF_INT=4'
DEPDIR='.deps'
ECHO_C='\c'
ECHO_N=''
ECHO_T=''
EGREP='/usr/bin/grep -E'
EXEEXT=''
GREP='/usr/bin/grep'
INSTALL_DATA='${INSTALL} -m 644'
INSTALL_PROGRAM='${INSTALL}'
INSTALL_SCRIPT='${INSTALL}'
INSTALL_STRIP_PROGRAM='$(install_sh) -c -s'
LDFLAGS=''
LIBOBJS=''
LIBS=''
LTLIBOBJS=''
MAKEINFO='${SHELL} /Users/takaho/Projects/C++/SnpExp/missing --run makeinfo'
MKDIR_P='./install-sh -c -d'
OBJEXT='o'
PACKAGE='snpexp'
PACKAGE_BUGREPORT=''
PACKAGE_NAME=''
PACKAGE_STRING=''
PACKAGE_TARNAME=''
PACKAGE_URL=''
PACKAGE_VERSION=''
PATH_SEPARATOR=':'
SET_MAKE=''
SHELL='/bin/sh'
STRIP=''
VERSION='0.2.0'
ac_ct_CC='gcc'
ac_ct_CXX='g++'
am__EXEEXT_FALSE=''
am__EXEEXT_TRUE='#'
am__fastdepCC_FALSE='#'
am__fastdepCC_TRUE=''
am__fastdepCXX_FALSE='#'
am__fastdepCXX_TRUE=''
am__include='include'
am__isrc=''
am__leading_dot='.'
am__quote=''
am__tar='${AMTAR} chof - "$$tardir"'
am__untar='${AMTAR} xf -'
bindir='${exec_prefix}/bin'
build_alias=''
datadir='${datarootdir}'
datarootdir='${prefix}/share'
docdir='${datarootdir}/doc/${PACKAGE}'
dvidir='${docdir}'
exec_prefix='${prefix}'
host_alias=''
htmldir='${docdir}'
includedir='${prefix}/include'
infodir='${datarootdir}/info'
install_sh='${SHELL} /Users/takaho/Projects/C++/SnpExp/install-sh'
libdir='${exec_prefix}/lib'
libexecdir='${exec_prefix}/libexec'
localedir='${datarootdir}/locale'
localstatedir='${prefix}/var'
mandir='${datarootdir}/man'
mkdir_p='$(top_builddir)/./install-sh -c -d'
oldincludedir='/usr/include'
pdfdir='${docdir}'
prefix='/usr/local'
program_transform_name='s,x,x,'
psdir='${docdir}'
sbindir='${exec_prefix}/sbin'
sharedstatedir='${prefix}/com'
sysconfdir='${prefix}/etc'
target_alias=''

## ----------- ##
## confdefs.h. ##
## ----------- ##

/* confdefs.h */
#define PACKAGE_NAME ""
#define PACKAGE_TARNAME ""
#define PACKAGE_VERSION ""
#define PACKAGE_STRING ""
#define PACKAGE_BUGREPORT ""
#define PACKAGE_URL ""
#define PACKAGE "snpexp"
#define VERSION "0.2.0"
#define STDC_HEADERS 1
#define HAVE_SYS_TYPES_H 1
#define HAVE_SYS_STAT_H 1
#define HAVE_STDLIB_H 1
#define HAVE_STRING_H 1
#define HAVE_MEMORY_H 1
#define HAVE_STRINGS_H 1
#define HAVE_INTTYPES_H 1
#define HAVE_STDINT_H 1
#define HAVE_UNISTD_H 1
#define HAVE_ZLIB_H 1
#define HAVE_BAM_H 1
#define SIZEOF_VOIDP 8
#define SIZEOF_INT 4

configure: exit 0
